mode: atomic
github.com/datnguyenzzz/nogodb/lib/go-adaptive-radix-tree/internal/node_16.go:30.53,31.41 1 0
github.com/datnguyenzzz/nogodb/lib/go-adaptive-radix-tree/internal/node_16.go:34.56,35.41 1 0
github.com/datnguyenzzz/nogodb/lib/go-adaptive-radix-tree/internal/node_16.go:38.55,40.2 1 2
github.com/datnguyenzzz/nogodb/lib/go-adaptive-radix-tree/internal/node_16.go:42.84,44.38 2 65
github.com/datnguyenzzz/nogodb/lib/go-adaptive-radix-tree/internal/node_16.go:44.38,46.3 1 0
github.com/datnguyenzzz/nogodb/lib/go-adaptive-radix-tree/internal/node_16.go:48.2,49.16 2 65
github.com/datnguyenzzz/nogodb/lib/go-adaptive-radix-tree/internal/node_16.go:49.16,51.3 1 0
github.com/datnguyenzzz/nogodb/lib/go-adaptive-radix-tree/internal/node_16.go:53.2,54.42 2 65
github.com/datnguyenzzz/nogodb/lib/go-adaptive-radix-tree/internal/node_16.go:54.42,55.22 1 1036
github.com/datnguyenzzz/nogodb/lib/go-adaptive-radix-tree/internal/node_16.go:55.22,57.9 2 7
github.com/datnguyenzzz/nogodb/lib/go-adaptive-radix-tree/internal/node_16.go:61.2,61.34 1 65
github.com/datnguyenzzz/nogodb/lib/go-adaptive-radix-tree/internal/node_16.go:61.34,64.3 2 964
github.com/datnguyenzzz/nogodb/lib/go-adaptive-radix-tree/internal/node_16.go:66.2,70.12 4 65
github.com/datnguyenzzz/nogodb/lib/go-adaptive-radix-tree/internal/node_16.go:73.70,75.26 2 8
github.com/datnguyenzzz/nogodb/lib/go-adaptive-radix-tree/internal/node_16.go:75.26,77.3 1 0
github.com/datnguyenzzz/nogodb/lib/go-adaptive-radix-tree/internal/node_16.go:78.2,79.42 2 8
github.com/datnguyenzzz/nogodb/lib/go-adaptive-radix-tree/internal/node_16.go:79.42,80.23 1 122
github.com/datnguyenzzz/nogodb/lib/go-adaptive-radix-tree/internal/node_16.go:80.23,82.9 2 8
github.com/datnguyenzzz/nogodb/lib/go-adaptive-radix-tree/internal/node_16.go:85.2,85.15 1 8
github.com/datnguyenzzz/nogodb/lib/go-adaptive-radix-tree/internal/node_16.go:85.15,87.3 1 0
github.com/datnguyenzzz/nogodb/lib/go-adaptive-radix-tree/internal/node_16.go:90.2,90.28 1 8
github.com/datnguyenzzz/nogodb/lib/go-adaptive-radix-tree/internal/node_16.go:90.28,93.3 2 114
github.com/datnguyenzzz/nogodb/lib/go-adaptive-radix-tree/internal/node_16.go:95.2,98.12 4 8
github.com/datnguyenzzz/nogodb/lib/go-adaptive-radix-tree/internal/node_16.go:101.80,103.42 2 82
github.com/datnguyenzzz/nogodb/lib/go-adaptive-radix-tree/internal/node_16.go:103.42,104.23 1 1234
github.com/datnguyenzzz/nogodb/lib/go-adaptive-radix-tree/internal/node_16.go:104.23,106.9 2 21
github.com/datnguyenzzz/nogodb/lib/go-adaptive-radix-tree/internal/node_16.go:109.2,109.41 1 82
github.com/datnguyenzzz/nogodb/lib/go-adaptive-radix-tree/internal/node_16.go:109.41,111.3 1 65
github.com/datnguyenzzz/nogodb/lib/go-adaptive-radix-tree/internal/node_16.go:113.2,113.29 1 17
github.com/datnguyenzzz/nogodb/lib/go-adaptive-radix-tree/internal/node_16.go:116.82,117.15 1 14
github.com/datnguyenzzz/nogodb/lib/go-adaptive-radix-tree/internal/node_16.go:118.16,120.44 2 7
github.com/datnguyenzzz/nogodb/lib/go-adaptive-radix-tree/internal/node_16.go:121.17,124.75 3 7
github.com/datnguyenzzz/nogodb/lib/go-adaptive-radix-tree/internal/node_16.go:124.75,126.4 1 17
github.com/datnguyenzzz/nogodb/lib/go-adaptive-radix-tree/internal/node_16.go:127.3,127.13 1 7
github.com/datnguyenzzz/nogodb/lib/go-adaptive-radix-tree/internal/node_16.go:128.10,130.50 1 0
github.com/datnguyenzzz/nogodb/lib/go-adaptive-radix-tree/internal/node_16.go:134.94,136.20 2 0
github.com/datnguyenzzz/nogodb/lib/go-adaptive-radix-tree/internal/node_16.go:136.20,138.3 1 0
github.com/datnguyenzzz/nogodb/lib/go-adaptive-radix-tree/internal/node_16.go:140.2,141.42 2 0
github.com/datnguyenzzz/nogodb/lib/go-adaptive-radix-tree/internal/node_16.go:145.66,146.44 1 1
github.com/datnguyenzzz/nogodb/lib/go-adaptive-radix-tree/internal/node_16.go:146.44,148.3 1 0
github.com/datnguyenzzz/nogodb/lib/go-adaptive-radix-tree/internal/node_16.go:149.2,152.42 3 1
github.com/datnguyenzzz/nogodb/lib/go-adaptive-radix-tree/internal/node_16.go:152.42,153.69 1 16
github.com/datnguyenzzz/nogodb/lib/go-adaptive-radix-tree/internal/node_16.go:153.69,155.4 1 0
github.com/datnguyenzzz/nogodb/lib/go-adaptive-radix-tree/internal/node_16.go:158.2,158.18 1 1
github.com/datnguyenzzz/nogodb/lib/go-adaptive-radix-tree/internal/node_16.go:162.68,163.26 1 1
github.com/datnguyenzzz/nogodb/lib/go-adaptive-radix-tree/internal/node_16.go:163.26,165.3 1 0
github.com/datnguyenzzz/nogodb/lib/go-adaptive-radix-tree/internal/node_16.go:167.2,168.26 2 1
github.com/datnguyenzzz/nogodb/lib/go-adaptive-radix-tree/internal/node_16.go:168.26,170.3 1 0
github.com/datnguyenzzz/nogodb/lib/go-adaptive-radix-tree/internal/node_16.go:172.2,175.80 3 1
github.com/datnguyenzzz/nogodb/lib/go-adaptive-radix-tree/internal/node_16.go:175.80,176.68 1 4
github.com/datnguyenzzz/nogodb/lib/go-adaptive-radix-tree/internal/node_16.go:176.68,178.4 1 0
github.com/datnguyenzzz/nogodb/lib/go-adaptive-radix-tree/internal/node_16.go:181.2,181.17 1 1
github.com/datnguyenzzz/nogodb/lib/go-adaptive-radix-tree/internal/node_16.go:184.62,186.2 1 0
github.com/datnguyenzzz/nogodb/lib/go-adaptive-radix-tree/internal/node_16.go:188.60,190.2 1 1
github.com/datnguyenzzz/nogodb/lib/go-adaptive-radix-tree/internal/node_256.go:26.54,27.42 1 0
github.com/datnguyenzzz/nogodb/lib/go-adaptive-radix-tree/internal/node_256.go:30.57,31.42 1 0
github.com/datnguyenzzz/nogodb/lib/go-adaptive-radix-tree/internal/node_256.go:34.56,36.2 1 1
github.com/datnguyenzzz/nogodb/lib/go-adaptive-radix-tree/internal/node_256.go:38.85,40.51 2 169
github.com/datnguyenzzz/nogodb/lib/go-adaptive-radix-tree/internal/node_256.go:40.51,42.3 1 0
github.com/datnguyenzzz/nogodb/lib/go-adaptive-radix-tree/internal/node_256.go:44.2,46.12 3 169
github.com/datnguyenzzz/nogodb/lib/go-adaptive-radix-tree/internal/node_256.go:49.71,54.2 4 8
github.com/datnguyenzzz/nogodb/lib/go-adaptive-radix-tree/internal/node_256.go:56.81,58.18 2 17
github.com/datnguyenzzz/nogodb/lib/go-adaptive-radix-tree/internal/node_256.go:58.18,60.3 1 0
github.com/datnguyenzzz/nogodb/lib/go-adaptive-radix-tree/internal/node_256.go:61.2,61.19 1 17
github.com/datnguyenzzz/nogodb/lib/go-adaptive-radix-tree/internal/node_256.go:64.83,65.15 1 14
github.com/datnguyenzzz/nogodb/lib/go-adaptive-radix-tree/internal/node_256.go:66.16,69.48 3 7
github.com/datnguyenzzz/nogodb/lib/go-adaptive-radix-tree/internal/node_256.go:69.48,71.20 2 1792
github.com/datnguyenzzz/nogodb/lib/go-adaptive-radix-tree/internal/node_256.go:71.20,72.13 1 1775
github.com/datnguyenzzz/nogodb/lib/go-adaptive-radix-tree/internal/node_256.go:74.4,75.12 2 17
github.com/datnguyenzzz/nogodb/lib/go-adaptive-radix-tree/internal/node_256.go:77.3,77.13 1 7
github.com/datnguyenzzz/nogodb/lib/go-adaptive-radix-tree/internal/node_256.go:78.17,81.53 3 7
github.com/datnguyenzzz/nogodb/lib/go-adaptive-radix-tree/internal/node_256.go:81.53,83.20 2 1792
github.com/datnguyenzzz/nogodb/lib/go-adaptive-radix-tree/internal/node_256.go:83.20,84.13 1 1775
github.com/datnguyenzzz/nogodb/lib/go-adaptive-radix-tree/internal/node_256.go:86.4,87.12 2 17
github.com/datnguyenzzz/nogodb/lib/go-adaptive-radix-tree/internal/node_256.go:89.3,89.13 1 7
github.com/datnguyenzzz/nogodb/lib/go-adaptive-radix-tree/internal/node_256.go:90.10,92.50 1 0
github.com/datnguyenzzz/nogodb/lib/go-adaptive-radix-tree/internal/node_256.go:96.95,98.20 2 0
github.com/datnguyenzzz/nogodb/lib/go-adaptive-radix-tree/internal/node_256.go:98.20,100.3 1 0
github.com/datnguyenzzz/nogodb/lib/go-adaptive-radix-tree/internal/node_256.go:102.2,103.47 2 0
github.com/datnguyenzzz/nogodb/lib/go-adaptive-radix-tree/internal/node_256.go:103.47,105.19 2 0
github.com/datnguyenzzz/nogodb/lib/go-adaptive-radix-tree/internal/node_256.go:105.19,106.12 1 0
github.com/datnguyenzzz/nogodb/lib/go-adaptive-radix-tree/internal/node_256.go:108.3,108.22 1 0
github.com/datnguyenzzz/nogodb/lib/go-adaptive-radix-tree/internal/node_256.go:108.22,110.4 1 0
github.com/datnguyenzzz/nogodb/lib/go-adaptive-radix-tree/internal/node_256.go:111.3,111.11 1 0
github.com/datnguyenzzz/nogodb/lib/go-adaptive-radix-tree/internal/node_256.go:113.2,113.40 1 0
github.com/datnguyenzzz/nogodb/lib/go-adaptive-radix-tree/internal/node_256.go:116.67,118.2 1 1
github.com/datnguyenzzz/nogodb/lib/go-adaptive-radix-tree/internal/node_256.go:121.69,122.26 1 1
github.com/datnguyenzzz/nogodb/lib/go-adaptive-radix-tree/internal/node_256.go:122.26,124.3 1 0
github.com/datnguyenzzz/nogodb/lib/go-adaptive-radix-tree/internal/node_256.go:126.2,127.26 2 1
github.com/datnguyenzzz/nogodb/lib/go-adaptive-radix-tree/internal/node_256.go:127.26,129.3 1 0
github.com/datnguyenzzz/nogodb/lib/go-adaptive-radix-tree/internal/node_256.go:131.2,134.47 3 1
github.com/datnguyenzzz/nogodb/lib/go-adaptive-radix-tree/internal/node_256.go:134.47,136.19 2 256
github.com/datnguyenzzz/nogodb/lib/go-adaptive-radix-tree/internal/node_256.go:136.19,137.12 1 208
github.com/datnguyenzzz/nogodb/lib/go-adaptive-radix-tree/internal/node_256.go:139.3,139.59 1 48
github.com/datnguyenzzz/nogodb/lib/go-adaptive-radix-tree/internal/node_256.go:139.59,141.4 1 0
github.com/datnguyenzzz/nogodb/lib/go-adaptive-radix-tree/internal/node_256.go:144.2,144.18 1 1
github.com/datnguyenzzz/nogodb/lib/go-adaptive-radix-tree/internal/node_256.go:147.63,150.2 1 0
github.com/datnguyenzzz/nogodb/lib/go-adaptive-radix-tree/internal/node_256.go:152.61,154.2 1 1
github.com/datnguyenzzz/nogodb/lib/go-adaptive-radix-tree/internal/node_4.go:28.52,29.40 1 0
github.com/datnguyenzzz/nogodb/lib/go-adaptive-radix-tree/internal/node_4.go:32.55,33.40 1 0
github.com/datnguyenzzz/nogodb/lib/go-adaptive-radix-tree/internal/node_4.go:36.54,38.2 1 1
github.com/datnguyenzzz/nogodb/lib/go-adaptive-radix-tree/internal/node_4.go:40.83,42.37 2 34
github.com/datnguyenzzz/nogodb/lib/go-adaptive-radix-tree/internal/node_4.go:42.37,44.3 1 0
github.com/datnguyenzzz/nogodb/lib/go-adaptive-radix-tree/internal/node_4.go:46.2,47.16 2 34
github.com/datnguyenzzz/nogodb/lib/go-adaptive-radix-tree/internal/node_4.go:47.16,49.3 1 0
github.com/datnguyenzzz/nogodb/lib/go-adaptive-radix-tree/internal/node_4.go:51.2,52.41 2 34
github.com/datnguyenzzz/nogodb/lib/go-adaptive-radix-tree/internal/node_4.go:52.41,53.22 1 129
github.com/datnguyenzzz/nogodb/lib/go-adaptive-radix-tree/internal/node_4.go:53.22,55.9 2 10
github.com/datnguyenzzz/nogodb/lib/go-adaptive-radix-tree/internal/node_4.go:59.2,59.34 1 34
github.com/datnguyenzzz/nogodb/lib/go-adaptive-radix-tree/internal/node_4.go:59.34,62.3 2 85
github.com/datnguyenzzz/nogodb/lib/go-adaptive-radix-tree/internal/node_4.go:64.2,68.12 4 34
github.com/datnguyenzzz/nogodb/lib/go-adaptive-radix-tree/internal/node_4.go:71.69,73.26 2 8
github.com/datnguyenzzz/nogodb/lib/go-adaptive-radix-tree/internal/node_4.go:73.26,75.3 1 0
github.com/datnguyenzzz/nogodb/lib/go-adaptive-radix-tree/internal/node_4.go:76.2,77.41 2 8
github.com/datnguyenzzz/nogodb/lib/go-adaptive-radix-tree/internal/node_4.go:77.41,78.23 1 26
github.com/datnguyenzzz/nogodb/lib/go-adaptive-radix-tree/internal/node_4.go:78.23,80.9 2 8
github.com/datnguyenzzz/nogodb/lib/go-adaptive-radix-tree/internal/node_4.go:83.2,83.15 1 8
github.com/datnguyenzzz/nogodb/lib/go-adaptive-radix-tree/internal/node_4.go:83.15,85.3 1 0
github.com/datnguyenzzz/nogodb/lib/go-adaptive-radix-tree/internal/node_4.go:88.2,88.34 1 8
github.com/datnguyenzzz/nogodb/lib/go-adaptive-radix-tree/internal/node_4.go:88.34,91.3 2 18
github.com/datnguyenzzz/nogodb/lib/go-adaptive-radix-tree/internal/node_4.go:93.2,96.12 4 8
github.com/datnguyenzzz/nogodb/lib/go-adaptive-radix-tree/internal/node_4.go:99.79,101.41 2 51
github.com/datnguyenzzz/nogodb/lib/go-adaptive-radix-tree/internal/node_4.go:101.41,102.23 1 177
github.com/datnguyenzzz/nogodb/lib/go-adaptive-radix-tree/internal/node_4.go:102.23,104.9 2 20
github.com/datnguyenzzz/nogodb/lib/go-adaptive-radix-tree/internal/node_4.go:107.2,107.41 1 51
github.com/datnguyenzzz/nogodb/lib/go-adaptive-radix-tree/internal/node_4.go:107.41,109.3 1 34
github.com/datnguyenzzz/nogodb/lib/go-adaptive-radix-tree/internal/node_4.go:111.2,111.29 1 17
github.com/datnguyenzzz/nogodb/lib/go-adaptive-radix-tree/internal/node_4.go:114.81,115.15 1 14
github.com/datnguyenzzz/nogodb/lib/go-adaptive-radix-tree/internal/node_4.go:116.16,118.43 2 7
github.com/datnguyenzzz/nogodb/lib/go-adaptive-radix-tree/internal/node_4.go:119.17,122.73 3 7
github.com/datnguyenzzz/nogodb/lib/go-adaptive-radix-tree/internal/node_4.go:122.73,124.4 1 17
github.com/datnguyenzzz/nogodb/lib/go-adaptive-radix-tree/internal/node_4.go:125.3,125.13 1 7
github.com/datnguyenzzz/nogodb/lib/go-adaptive-radix-tree/internal/node_4.go:126.10,128.50 1 0
github.com/datnguyenzzz/nogodb/lib/go-adaptive-radix-tree/internal/node_4.go:132.93,134.20 2 0
github.com/datnguyenzzz/nogodb/lib/go-adaptive-radix-tree/internal/node_4.go:134.20,136.3 1 0
github.com/datnguyenzzz/nogodb/lib/go-adaptive-radix-tree/internal/node_4.go:138.2,139.42 2 0
github.com/datnguyenzzz/nogodb/lib/go-adaptive-radix-tree/internal/node_4.go:143.65,144.43 1 1
github.com/datnguyenzzz/nogodb/lib/go-adaptive-radix-tree/internal/node_4.go:144.43,146.3 1 0
github.com/datnguyenzzz/nogodb/lib/go-adaptive-radix-tree/internal/node_4.go:147.2,150.41 3 1
github.com/datnguyenzzz/nogodb/lib/go-adaptive-radix-tree/internal/node_4.go:150.41,151.69 1 4
github.com/datnguyenzzz/nogodb/lib/go-adaptive-radix-tree/internal/node_4.go:151.69,153.4 1 0
github.com/datnguyenzzz/nogodb/lib/go-adaptive-radix-tree/internal/node_4.go:156.2,156.18 1 1
github.com/datnguyenzzz/nogodb/lib/go-adaptive-radix-tree/internal/node_4.go:160.67,161.26 1 1
github.com/datnguyenzzz/nogodb/lib/go-adaptive-radix-tree/internal/node_4.go:161.26,163.3 1 0
github.com/datnguyenzzz/nogodb/lib/go-adaptive-radix-tree/internal/node_4.go:165.2,165.32 1 1
github.com/datnguyenzzz/nogodb/lib/go-adaptive-radix-tree/internal/node_4.go:165.32,167.3 1 0
github.com/datnguyenzzz/nogodb/lib/go-adaptive-radix-tree/internal/node_4.go:169.2,170.40 2 1
github.com/datnguyenzzz/nogodb/lib/go-adaptive-radix-tree/internal/node_4.go:170.40,172.3 1 1
github.com/datnguyenzzz/nogodb/lib/go-adaptive-radix-tree/internal/node_4.go:177.2,178.17 2 0
github.com/datnguyenzzz/nogodb/lib/go-adaptive-radix-tree/internal/node_4.go:181.61,183.2 1 0
github.com/datnguyenzzz/nogodb/lib/go-adaptive-radix-tree/internal/node_4.go:185.59,187.2 1 1
github.com/datnguyenzzz/nogodb/lib/go-adaptive-radix-tree/internal/node_48.go:33.53,34.41 1 0
github.com/datnguyenzzz/nogodb/lib/go-adaptive-radix-tree/internal/node_48.go:37.56,38.41 1 0
github.com/datnguyenzzz/nogodb/lib/go-adaptive-radix-tree/internal/node_48.go:41.55,43.2 1 2
github.com/datnguyenzzz/nogodb/lib/go-adaptive-radix-tree/internal/node_48.go:45.84,47.42 2 153
github.com/datnguyenzzz/nogodb/lib/go-adaptive-radix-tree/internal/node_48.go:47.42,49.3 1 0
github.com/datnguyenzzz/nogodb/lib/go-adaptive-radix-tree/internal/node_48.go:51.2,51.21 1 153
github.com/datnguyenzzz/nogodb/lib/go-adaptive-radix-tree/internal/node_48.go:51.21,53.3 1 0
github.com/datnguyenzzz/nogodb/lib/go-adaptive-radix-tree/internal/node_48.go:56.2,56.53 1 153
github.com/datnguyenzzz/nogodb/lib/go-adaptive-radix-tree/internal/node_48.go:56.53,57.21 1 36462
github.com/datnguyenzzz/nogodb/lib/go-adaptive-radix-tree/internal/node_48.go:57.21,59.12 1 36451
github.com/datnguyenzzz/nogodb/lib/go-adaptive-radix-tree/internal/node_48.go:61.3,62.38 2 11
github.com/datnguyenzzz/nogodb/lib/go-adaptive-radix-tree/internal/node_48.go:62.38,64.4 1 0
github.com/datnguyenzzz/nogodb/lib/go-adaptive-radix-tree/internal/node_48.go:65.3,67.17 3 11
github.com/datnguyenzzz/nogodb/lib/go-adaptive-radix-tree/internal/node_48.go:69.2,70.32 2 153
github.com/datnguyenzzz/nogodb/lib/go-adaptive-radix-tree/internal/node_48.go:70.32,71.21 1 2553
github.com/datnguyenzzz/nogodb/lib/go-adaptive-radix-tree/internal/node_48.go:71.21,73.12 1 39
github.com/datnguyenzzz/nogodb/lib/go-adaptive-radix-tree/internal/node_48.go:75.3,75.18 1 2514
github.com/datnguyenzzz/nogodb/lib/go-adaptive-radix-tree/internal/node_48.go:78.2,78.28 1 153
github.com/datnguyenzzz/nogodb/lib/go-adaptive-radix-tree/internal/node_48.go:78.28,80.3 1 0
github.com/datnguyenzzz/nogodb/lib/go-adaptive-radix-tree/internal/node_48.go:81.2,85.12 4 153
github.com/datnguyenzzz/nogodb/lib/go-adaptive-radix-tree/internal/node_48.go:88.70,90.26 2 8
github.com/datnguyenzzz/nogodb/lib/go-adaptive-radix-tree/internal/node_48.go:90.26,92.3 1 0
github.com/datnguyenzzz/nogodb/lib/go-adaptive-radix-tree/internal/node_48.go:93.2,93.22 1 8
github.com/datnguyenzzz/nogodb/lib/go-adaptive-radix-tree/internal/node_48.go:93.22,95.3 1 0
github.com/datnguyenzzz/nogodb/lib/go-adaptive-radix-tree/internal/node_48.go:98.2,102.53 3 8
github.com/datnguyenzzz/nogodb/lib/go-adaptive-radix-tree/internal/node_48.go:102.53,103.21 1 2024
github.com/datnguyenzzz/nogodb/lib/go-adaptive-radix-tree/internal/node_48.go:103.21,105.12 1 2018
github.com/datnguyenzzz/nogodb/lib/go-adaptive-radix-tree/internal/node_48.go:107.3,108.21 2 6
github.com/datnguyenzzz/nogodb/lib/go-adaptive-radix-tree/internal/node_48.go:108.21,110.4 1 0
github.com/datnguyenzzz/nogodb/lib/go-adaptive-radix-tree/internal/node_48.go:112.3,114.17 3 6
github.com/datnguyenzzz/nogodb/lib/go-adaptive-radix-tree/internal/node_48.go:116.2,118.12 2 8
github.com/datnguyenzzz/nogodb/lib/go-adaptive-radix-tree/internal/node_48.go:121.80,122.22 1 17
github.com/datnguyenzzz/nogodb/lib/go-adaptive-radix-tree/internal/node_48.go:122.22,124.3 1 0
github.com/datnguyenzzz/nogodb/lib/go-adaptive-radix-tree/internal/node_48.go:126.2,126.39 1 17
github.com/datnguyenzzz/nogodb/lib/go-adaptive-radix-tree/internal/node_48.go:129.82,130.15 1 14
github.com/datnguyenzzz/nogodb/lib/go-adaptive-radix-tree/internal/node_48.go:131.16,134.43 3 7
github.com/datnguyenzzz/nogodb/lib/go-adaptive-radix-tree/internal/node_48.go:134.43,135.22 1 1792
github.com/datnguyenzzz/nogodb/lib/go-adaptive-radix-tree/internal/node_48.go:135.22,137.13 1 1775
github.com/datnguyenzzz/nogodb/lib/go-adaptive-radix-tree/internal/node_48.go:139.4,141.12 3 17
github.com/datnguyenzzz/nogodb/lib/go-adaptive-radix-tree/internal/node_48.go:143.3,143.13 1 7
github.com/datnguyenzzz/nogodb/lib/go-adaptive-radix-tree/internal/node_48.go:144.17,147.48 3 7
github.com/datnguyenzzz/nogodb/lib/go-adaptive-radix-tree/internal/node_48.go:147.48,148.22 1 1792
github.com/datnguyenzzz/nogodb/lib/go-adaptive-radix-tree/internal/node_48.go:148.22,150.13 1 1775
github.com/datnguyenzzz/nogodb/lib/go-adaptive-radix-tree/internal/node_48.go:152.4,154.12 3 17
github.com/datnguyenzzz/nogodb/lib/go-adaptive-radix-tree/internal/node_48.go:156.3,156.13 1 7
github.com/datnguyenzzz/nogodb/lib/go-adaptive-radix-tree/internal/node_48.go:157.10,159.50 1 0
github.com/datnguyenzzz/nogodb/lib/go-adaptive-radix-tree/internal/node_48.go:163.94,165.20 2 0
github.com/datnguyenzzz/nogodb/lib/go-adaptive-radix-tree/internal/node_48.go:165.20,167.3 1 0
github.com/datnguyenzzz/nogodb/lib/go-adaptive-radix-tree/internal/node_48.go:169.2,170.42 2 0
github.com/datnguyenzzz/nogodb/lib/go-adaptive-radix-tree/internal/node_48.go:170.42,171.21 1 0
github.com/datnguyenzzz/nogodb/lib/go-adaptive-radix-tree/internal/node_48.go:171.21,173.12 1 0
github.com/datnguyenzzz/nogodb/lib/go-adaptive-radix-tree/internal/node_48.go:175.3,175.22 1 0
github.com/datnguyenzzz/nogodb/lib/go-adaptive-radix-tree/internal/node_48.go:175.22,177.4 1 0
github.com/datnguyenzzz/nogodb/lib/go-adaptive-radix-tree/internal/node_48.go:178.3,178.11 1 0
github.com/datnguyenzzz/nogodb/lib/go-adaptive-radix-tree/internal/node_48.go:181.2,181.40 1 0
github.com/datnguyenzzz/nogodb/lib/go-adaptive-radix-tree/internal/node_48.go:185.66,186.48 1 1
github.com/datnguyenzzz/nogodb/lib/go-adaptive-radix-tree/internal/node_48.go:186.48,188.3 1 0
github.com/datnguyenzzz/nogodb/lib/go-adaptive-radix-tree/internal/node_48.go:190.2,193.42 3 1
github.com/datnguyenzzz/nogodb/lib/go-adaptive-radix-tree/internal/node_48.go:193.42,194.21 1 256
github.com/datnguyenzzz/nogodb/lib/go-adaptive-radix-tree/internal/node_48.go:194.21,196.12 1 208
github.com/datnguyenzzz/nogodb/lib/go-adaptive-radix-tree/internal/node_48.go:198.3,200.60 3 48
github.com/datnguyenzzz/nogodb/lib/go-adaptive-radix-tree/internal/node_48.go:200.60,202.4 1 0
github.com/datnguyenzzz/nogodb/lib/go-adaptive-radix-tree/internal/node_48.go:205.2,205.19 1 1
github.com/datnguyenzzz/nogodb/lib/go-adaptive-radix-tree/internal/node_48.go:209.68,210.26 1 1
github.com/datnguyenzzz/nogodb/lib/go-adaptive-radix-tree/internal/node_48.go:210.26,212.3 1 0
github.com/datnguyenzzz/nogodb/lib/go-adaptive-radix-tree/internal/node_48.go:214.2,215.26 2 1
github.com/datnguyenzzz/nogodb/lib/go-adaptive-radix-tree/internal/node_48.go:215.26,217.3 1 0
github.com/datnguyenzzz/nogodb/lib/go-adaptive-radix-tree/internal/node_48.go:219.2,222.42 3 1
github.com/datnguyenzzz/nogodb/lib/go-adaptive-radix-tree/internal/node_48.go:222.42,223.21 1 256
github.com/datnguyenzzz/nogodb/lib/go-adaptive-radix-tree/internal/node_48.go:223.21,225.12 1 240
github.com/datnguyenzzz/nogodb/lib/go-adaptive-radix-tree/internal/node_48.go:227.3,229.59 3 16
github.com/datnguyenzzz/nogodb/lib/go-adaptive-radix-tree/internal/node_48.go:229.59,231.4 1 0
github.com/datnguyenzzz/nogodb/lib/go-adaptive-radix-tree/internal/node_48.go:234.2,234.18 1 1
github.com/datnguyenzzz/nogodb/lib/go-adaptive-radix-tree/internal/node_48.go:237.62,239.2 1 0
github.com/datnguyenzzz/nogodb/lib/go-adaptive-radix-tree/internal/node_48.go:241.60,243.2 1 1
github.com/datnguyenzzz/nogodb/lib/go-adaptive-radix-tree/internal/node_factory.go:5.38,6.11 1 243
github.com/datnguyenzzz/nogodb/lib/go-adaptive-radix-tree/internal/node_factory.go:7.17,8.23 1 10
github.com/datnguyenzzz/nogodb/lib/go-adaptive-radix-tree/internal/node_factory.go:9.18,10.24 1 11
github.com/datnguyenzzz/nogodb/lib/go-adaptive-radix-tree/internal/node_factory.go:11.18,12.24 1 11
github.com/datnguyenzzz/nogodb/lib/go-adaptive-radix-tree/internal/node_factory.go:13.19,14.25 1 10
github.com/datnguyenzzz/nogodb/lib/go-adaptive-radix-tree/internal/node_factory.go:15.20,16.26 1 201
github.com/datnguyenzzz/nogodb/lib/go-adaptive-radix-tree/internal/node_factory.go:17.10,18.50 1 0
github.com/datnguyenzzz/nogodb/lib/go-adaptive-radix-tree/internal/node_header.go:16.68,20.2 3 214
github.com/datnguyenzzz/nogodb/lib/go-adaptive-radix-tree/internal/node_header.go:22.64,24.2 1 548
github.com/datnguyenzzz/nogodb/lib/go-adaptive-radix-tree/internal/node_header.go:26.77,28.2 1 453
github.com/datnguyenzzz/nogodb/lib/go-adaptive-radix-tree/internal/node_header.go:30.60,32.2 1 14
github.com/datnguyenzzz/nogodb/lib/go-adaptive-radix-tree/internal/node_header.go:34.62,36.2 1 0
github.com/datnguyenzzz/nogodb/lib/go-adaptive-radix-tree/internal/node_header.go:38.87,40.59 2 0
github.com/datnguyenzzz/nogodb/lib/go-adaptive-radix-tree/internal/node_header.go:40.59,41.35 1 0
github.com/datnguyenzzz/nogodb/lib/go-adaptive-radix-tree/internal/node_header.go:41.35,42.9 1 0
github.com/datnguyenzzz/nogodb/lib/go-adaptive-radix-tree/internal/node_header.go:45.2,45.10 1 0
github.com/datnguyenzzz/nogodb/lib/go-adaptive-radix-tree/internal/node_leaf.go:15.55,17.2 1 2
github.com/datnguyenzzz/nogodb/lib/go-adaptive-radix-tree/internal/node_leaf.go:19.58,21.2 1 201
github.com/datnguyenzzz/nogodb/lib/go-adaptive-radix-tree/internal/node_leaf.go:23.57,25.2 1 2
github.com/datnguyenzzz/nogodb/lib/go-adaptive-radix-tree/internal/node_leaf.go:27.86,28.50 1 0
github.com/datnguyenzzz/nogodb/lib/go-adaptive-radix-tree/internal/node_leaf.go:31.72,32.50 1 0
github.com/datnguyenzzz/nogodb/lib/go-adaptive-radix-tree/internal/node_leaf.go:35.82,36.50 1 0
github.com/datnguyenzzz/nogodb/lib/go-adaptive-radix-tree/internal/node_leaf.go:39.84,41.2 1 0
github.com/datnguyenzzz/nogodb/lib/go-adaptive-radix-tree/internal/node_leaf.go:43.96,44.50 1 0
github.com/datnguyenzzz/nogodb/lib/go-adaptive-radix-tree/internal/node_leaf.go:47.68,48.50 1 0
github.com/datnguyenzzz/nogodb/lib/go-adaptive-radix-tree/internal/node_leaf.go:51.70,52.50 1 0
github.com/datnguyenzzz/nogodb/lib/go-adaptive-radix-tree/internal/node_leaf.go:55.64,56.50 1 0
github.com/datnguyenzzz/nogodb/lib/go-adaptive-radix-tree/internal/node_leaf.go:59.62,61.2 1 0
github.com/datnguyenzzz/nogodb/lib/go-adaptive-radix-tree/internal/operator.go:14.106,15.21 1 0
github.com/datnguyenzzz/nogodb/lib/go-adaptive-radix-tree/internal/operator.go:15.21,21.3 3 0
github.com/datnguyenzzz/nogodb/lib/go-adaptive-radix-tree/internal/operator.go:23.2,23.45 1 0
github.com/datnguyenzzz/nogodb/lib/go-adaptive-radix-tree/internal/operator.go:23.45,26.37 2 0
github.com/datnguyenzzz/nogodb/lib/go-adaptive-radix-tree/internal/operator.go:26.37,30.4 3 0
github.com/datnguyenzzz/nogodb/lib/go-adaptive-radix-tree/internal/operator.go:32.3,41.73 7 0
github.com/datnguyenzzz/nogodb/lib/go-adaptive-radix-tree/internal/operator.go:41.73,43.4 1 0
github.com/datnguyenzzz/nogodb/lib/go-adaptive-radix-tree/internal/operator.go:45.3,46.65 2 0
github.com/datnguyenzzz/nogodb/lib/go-adaptive-radix-tree/internal/operator.go:46.65,48.4 1 0
github.com/datnguyenzzz/nogodb/lib/go-adaptive-radix-tree/internal/operator.go:50.3,51.22 2 0
github.com/datnguyenzzz/nogodb/lib/go-adaptive-radix-tree/internal/operator.go:54.2,55.54 2 0
github.com/datnguyenzzz/nogodb/lib/go-adaptive-radix-tree/internal/operator.go:55.54,61.82 5 0
github.com/datnguyenzzz/nogodb/lib/go-adaptive-radix-tree/internal/operator.go:61.82,63.4 1 0
github.com/datnguyenzzz/nogodb/lib/go-adaptive-radix-tree/internal/operator.go:67.3,71.86 4 0
github.com/datnguyenzzz/nogodb/lib/go-adaptive-radix-tree/internal/operator.go:71.86,73.4 1 0
github.com/datnguyenzzz/nogodb/lib/go-adaptive-radix-tree/internal/operator.go:76.3,77.22 2 0
github.com/datnguyenzzz/nogodb/lib/go-adaptive-radix-tree/internal/operator.go:80.2,82.39 3 0
github.com/datnguyenzzz/nogodb/lib/go-adaptive-radix-tree/internal/operator.go:82.39,85.38 2 0
github.com/datnguyenzzz/nogodb/lib/go-adaptive-radix-tree/internal/operator.go:85.38,87.18 2 0
github.com/datnguyenzzz/nogodb/lib/go-adaptive-radix-tree/internal/operator.go:87.18,89.5 1 0
github.com/datnguyenzzz/nogodb/lib/go-adaptive-radix-tree/internal/operator.go:90.4,90.29 1 0
github.com/datnguyenzzz/nogodb/lib/go-adaptive-radix-tree/internal/operator.go:92.3,92.73 1 0
github.com/datnguyenzzz/nogodb/lib/go-adaptive-radix-tree/internal/operator.go:92.73,94.4 1 0
github.com/datnguyenzzz/nogodb/lib/go-adaptive-radix-tree/internal/operator.go:95.3,95.22 1 0
github.com/datnguyenzzz/nogodb/lib/go-adaptive-radix-tree/internal/operator.go:98.2,98.55 1 0
github.com/datnguyenzzz/nogodb/lib/go-adaptive-radix-tree/internal/operator.go:112.107,113.38 1 0
github.com/datnguyenzzz/nogodb/lib/go-adaptive-radix-tree/internal/operator.go:113.38,115.3 1 0
github.com/datnguyenzzz/nogodb/lib/go-adaptive-radix-tree/internal/operator.go:117.2,117.45 1 0
github.com/datnguyenzzz/nogodb/lib/go-adaptive-radix-tree/internal/operator.go:117.45,119.34 2 0
github.com/datnguyenzzz/nogodb/lib/go-adaptive-radix-tree/internal/operator.go:119.34,121.4 1 0
github.com/datnguyenzzz/nogodb/lib/go-adaptive-radix-tree/internal/operator.go:123.3,123.26 1 0
github.com/datnguyenzzz/nogodb/lib/go-adaptive-radix-tree/internal/operator.go:125.2,126.54 2 0
github.com/datnguyenzzz/nogodb/lib/go-adaptive-radix-tree/internal/operator.go:126.54,128.3 1 0
github.com/datnguyenzzz/nogodb/lib/go-adaptive-radix-tree/internal/operator.go:130.2,132.16 3 0
github.com/datnguyenzzz/nogodb/lib/go-adaptive-radix-tree/internal/operator.go:132.16,134.3 1 0
github.com/datnguyenzzz/nogodb/lib/go-adaptive-radix-tree/internal/operator.go:136.2,138.43 2 0
github.com/datnguyenzzz/nogodb/lib/go-adaptive-radix-tree/internal/operator.go:138.43,140.3 1 0
github.com/datnguyenzzz/nogodb/lib/go-adaptive-radix-tree/internal/operator.go:142.2,142.65 1 0
github.com/datnguyenzzz/nogodb/lib/go-adaptive-radix-tree/internal/operator.go:142.65,144.3 1 0
github.com/datnguyenzzz/nogodb/lib/go-adaptive-radix-tree/internal/operator.go:146.2,146.40 1 0
github.com/datnguyenzzz/nogodb/lib/go-adaptive-radix-tree/internal/operator.go:147.9,149.29 1 0
github.com/datnguyenzzz/nogodb/lib/go-adaptive-radix-tree/internal/operator.go:150.9,155.17 3 0
github.com/datnguyenzzz/nogodb/lib/go-adaptive-radix-tree/internal/operator.go:155.17,157.4 1 0
github.com/datnguyenzzz/nogodb/lib/go-adaptive-radix-tree/internal/operator.go:158.3,159.51 2 0
github.com/datnguyenzzz/nogodb/lib/go-adaptive-radix-tree/internal/operator.go:159.51,161.4 1 0
github.com/datnguyenzzz/nogodb/lib/go-adaptive-radix-tree/internal/operator.go:161.9,164.4 2 0
github.com/datnguyenzzz/nogodb/lib/go-adaptive-radix-tree/internal/operator.go:165.3,168.30 3 0
github.com/datnguyenzzz/nogodb/lib/go-adaptive-radix-tree/internal/operator.go:172.2,172.34 1 0
github.com/datnguyenzzz/nogodb/lib/go-adaptive-radix-tree/internal/operator.go:172.34,174.17 2 0
github.com/datnguyenzzz/nogodb/lib/go-adaptive-radix-tree/internal/operator.go:174.17,176.4 1 0
github.com/datnguyenzzz/nogodb/lib/go-adaptive-radix-tree/internal/operator.go:177.3,177.29 1 0
github.com/datnguyenzzz/nogodb/lib/go-adaptive-radix-tree/internal/operator.go:180.2,180.29 1 0
github.com/datnguyenzzz/nogodb/lib/go-adaptive-radix-tree/internal/operator.go:188.90,189.17 1 0
github.com/datnguyenzzz/nogodb/lib/go-adaptive-radix-tree/internal/operator.go:189.17,191.3 1 0
github.com/datnguyenzzz/nogodb/lib/go-adaptive-radix-tree/internal/operator.go:195.2,195.39 1 0
github.com/datnguyenzzz/nogodb/lib/go-adaptive-radix-tree/internal/operator.go:195.39,197.37 2 0
github.com/datnguyenzzz/nogodb/lib/go-adaptive-radix-tree/internal/operator.go:197.37,199.4 1 0
github.com/datnguyenzzz/nogodb/lib/go-adaptive-radix-tree/internal/operator.go:201.3,201.28 1 0
github.com/datnguyenzzz/nogodb/lib/go-adaptive-radix-tree/internal/operator.go:204.2,205.48 2 0
github.com/datnguyenzzz/nogodb/lib/go-adaptive-radix-tree/internal/operator.go:205.48,207.3 1 0
github.com/datnguyenzzz/nogodb/lib/go-adaptive-radix-tree/internal/operator.go:209.2,211.16 3 0
github.com/datnguyenzzz/nogodb/lib/go-adaptive-radix-tree/internal/operator.go:211.16,213.3 1 0
github.com/datnguyenzzz/nogodb/lib/go-adaptive-radix-tree/internal/operator.go:215.2,215.46 1 0
github.com/datnguyenzzz/nogodb/lib/go-adaptive-radix-tree/internal/operator.go:219.83,220.17 1 0
github.com/datnguyenzzz/nogodb/lib/go-adaptive-radix-tree/internal/operator.go:220.17,222.3 1 0
github.com/datnguyenzzz/nogodb/lib/go-adaptive-radix-tree/internal/operator.go:224.2,224.39 1 0
github.com/datnguyenzzz/nogodb/lib/go-adaptive-radix-tree/internal/operator.go:224.39,226.3 1 0
github.com/datnguyenzzz/nogodb/lib/go-adaptive-radix-tree/internal/operator.go:228.2,229.36 2 0
github.com/datnguyenzzz/nogodb/lib/go-adaptive-radix-tree/internal/operator.go:229.36,231.3 1 0
github.com/datnguyenzzz/nogodb/lib/go-adaptive-radix-tree/internal/operator.go:234.74,239.2 4 201
github.com/datnguyenzzz/nogodb/lib/go-adaptive-radix-tree/internal/unittest_helpers.go:36.24,41.16 3 1040
github.com/datnguyenzzz/nogodb/lib/go-adaptive-radix-tree/internal/unittest_helpers.go:41.16,44.3 2 0
github.com/datnguyenzzz/nogodb/lib/go-adaptive-radix-tree/internal/unittest_helpers.go:46.2,46.22 1 1040
github.com/datnguyenzzz/nogodb/lib/go-adaptive-radix-tree/internal/unittest_helpers.go:49.36,51.34 2 208
github.com/datnguyenzzz/nogodb/lib/go-adaptive-radix-tree/internal/unittest_helpers.go:51.34,53.3 1 1040
github.com/datnguyenzzz/nogodb/lib/go-adaptive-radix-tree/internal/unittest_helpers.go:54.2,54.12 1 208
github.com/datnguyenzzz/nogodb/lib/go-adaptive-radix-tree/internal/unittest_helpers.go:57.27,63.16 3 201
github.com/datnguyenzzz/nogodb/lib/go-adaptive-radix-tree/internal/unittest_helpers.go:63.16,66.3 2 0
github.com/datnguyenzzz/nogodb/lib/go-adaptive-radix-tree/internal/unittest_helpers.go:68.2,68.23 1 201
github.com/datnguyenzzz/nogodb/lib/go-adaptive-radix-tree/internal/unittest_helpers.go:71.51,74.26 2 12
github.com/datnguyenzzz/nogodb/lib/go-adaptive-radix-tree/internal/unittest_helpers.go:74.26,76.3 1 201
github.com/datnguyenzzz/nogodb/lib/go-adaptive-radix-tree/internal/unittest_helpers.go:78.2,78.12 1 12
github.com/datnguyenzzz/nogodb/lib/go-adaptive-radix-tree/internal/unittest_helpers.go:81.43,83.26 2 0
github.com/datnguyenzzz/nogodb/lib/go-adaptive-radix-tree/internal/unittest_helpers.go:83.26,88.3 1 0
github.com/datnguyenzzz/nogodb/lib/go-adaptive-radix-tree/internal/unittest_helpers.go:89.2,89.12 1 0
github.com/datnguyenzzz/nogodb/lib/go-adaptive-radix-tree/internal/unittest_helpers.go:93.68,97.2 3 0
github.com/datnguyenzzz/nogodb/lib/go-adaptive-radix-tree/internal/unittest_helpers.go:100.80,102.2 1 0
github.com/datnguyenzzz/nogodb/lib/go-adaptive-radix-tree/internal/unittest_helpers.go:110.7,111.17 1 0
github.com/datnguyenzzz/nogodb/lib/go-adaptive-radix-tree/internal/unittest_helpers.go:111.17,115.3 2 0
github.com/datnguyenzzz/nogodb/lib/go-adaptive-radix-tree/internal/unittest_helpers.go:117.2,120.39 3 0
github.com/datnguyenzzz/nogodb/lib/go-adaptive-radix-tree/internal/unittest_helpers.go:120.39,123.3 2 0
github.com/datnguyenzzz/nogodb/lib/go-adaptive-radix-tree/internal/unittest_helpers.go:125.2,126.59 2 0
github.com/datnguyenzzz/nogodb/lib/go-adaptive-radix-tree/internal/unittest_helpers.go:126.59,132.3 2 0
github.com/datnguyenzzz/nogodb/lib/go-adaptive-radix-tree/internal/unittest_helpers.go:134.2,134.29 1 0
github.com/datnguyenzzz/nogodb/lib/go-adaptive-radix-tree/internal/utils.go:5.60,7.48 2 0
github.com/datnguyenzzz/nogodb/lib/go-adaptive-radix-tree/internal/utils.go:7.48,8.25 1 0
github.com/datnguyenzzz/nogodb/lib/go-adaptive-radix-tree/internal/utils.go:8.25,9.9 1 0
github.com/datnguyenzzz/nogodb/lib/go-adaptive-radix-tree/internal/utils.go:13.2,13.19 1 0
github.com/datnguyenzzz/nogodb/lib/go-adaptive-radix-tree/internal/utils.go:16.50,18.2 1 0
